{"numFailedTestSuites":0,"numFailedTests":0,"numPassedTestSuites":5,"numPassedTests":72,"numPendingTestSuites":0,"numPendingTests":0,"numRuntimeErrorTestSuites":0,"numTodoTests":0,"numTotalTestSuites":5,"numTotalTests":72,"openHandles":[],"snapshot":{"added":0,"didUpdate":false,"failure":false,"filesAdded":0,"filesRemoved":0,"filesRemovedList":[],"filesUnmatched":0,"filesUpdated":0,"matched":0,"total":0,"unchecked":0,"uncheckedKeysByFile":[],"unmatched":0,"updated":0},"startTime":1780841150648,"success":true,"testResults":[{"assertionResults":[{"ancestorTitles":["getDatabase singleton"],"duration":12,"failureDetails":[],"failureMessages":[],"fullName":"getDatabase singleton returns a database object","invocations":1,"location":null,"numPassingAsserts":1,"retryReasons":[],"status":"passed","title":"returns a database object"},{"ancestorTitles":["getDatabase singleton"],"duration":2,"failureDetails":[],"failureMessages":[],"fullName":"getDatabase singleton returns the same instance on second call (singleton)","invocations":1,"location":null,"numPassingAsserts":1,"retryReasons":[],"status":"passed","title":"returns the same instance on second call (singleton)"},{"ancestorTitles":["getDatabase singleton"],"duration":1,"failureDetails":[],"failureMessages":[],"fullName":"getDatabase singleton db has getFirstAsync method","invocations":1,"location":null,"numPassingAsserts":1,"retryReasons":[],"status":"passed","title":"db has getFirstAsync method"},{"ancestorTitles":["getDatabase singleton"],"duration":2,"failureDetails":[],"failureMessages":[],"fullName":"getDatabase singleton db has getAllAsync method","invocations":1,"location":null,"numPassingAsserts":1,"retryReasons":[],"status":"passed","title":"db has getAllAsync method"},{"ancestorTitles":["getDatabase singleton"],"duration":1,"failureDetails":[],"failureMessages":[],"fullName":"getDatabase singleton db has runAsync method","invocations":1,"location":null,"numPassingAsserts":1,"retryReasons":[],"status":"passed","title":"db has runAsync method"},{"ancestorTitles":["getDatabase singleton"],"duration":2,"failureDetails":[],"failureMessages":[],"fullName":"getDatabase singleton db has execAsync method","invocations":1,"location":null,"numPassingAsserts":1,"retryReasons":[],"status":"passed","title":"db has execAsync method"}],"endTime":1780841151749,"message":"","name":"C:\\Users\\spall\\Documents\\PeggyBank\\src\\__tests__\\database.test.ts","startTime":1780841151102,"status":"passed","summary":""},{"assertionResults":[{"ancestorTitles":["DarkColors palette"],"duration":7,"failureDetails":[],"failureMessages":[],"fullName":"DarkColors palette has all required keys","invocations":1,"location":null,"numPassingAsserts":27,"retryReasons":[],"status":"passed","title":"has all required keys"},{"ancestorTitles":["DarkColors palette"],"duration":1,"failureDetails":[],"failureMessages":[],"fullName":"DarkColors palette has no undefined values","invocations":1,"location":null,"numPassingAsserts":27,"retryReasons":[],"status":"passed","title":"has no undefined values"},{"ancestorTitles":["DarkColors palette"],"duration":1,"failureDetails":[],"failureMessages":[],"fullName":"DarkColors palette all values are strings","invocations":1,"location":null,"numPassingAsserts":27,"retryReasons":[],"status":"passed","title":"all values are strings"},{"ancestorTitles":["DarkColors palette"],"duration":0,"failureDetails":[],"failureMessages":[],"fullName":"DarkColors palette white is #FFFFFF","invocations":1,"location":null,"numPassingAsserts":1,"retryReasons":[],"status":"passed","title":"white is #FFFFFF"},{"ancestorTitles":["DarkColors palette"],"duration":1,"failureDetails":[],"failureMessages":[],"fullName":"DarkColors palette black is #000000","invocations":1,"location":null,"numPassingAsserts":1,"retryReasons":[],"status":"passed","title":"black is #000000"},{"ancestorTitles":["LightColors palette"],"duration":1,"failureDetails":[],"failureMessages":[],"fullName":"LightColors palette has all required keys","invocations":1,"location":null,"numPassingAsserts":27,"retryReasons":[],"status":"passed","title":"has all required keys"},{"ancestorTitles":["LightColors palette"],"duration":2,"failureDetails":[],"failureMessages":[],"fullName":"LightColors palette has no undefined values","invocations":1,"location":null,"numPassingAsserts":27,"retryReasons":[],"status":"passed","title":"has no undefined values"},{"ancestorTitles":["LightColors palette"],"duration":1,"failureDetails":[],"failureMessages":[],"fullName":"LightColors palette all values are strings","invocations":1,"location":null,"numPassingAsserts":27,"retryReasons":[],"status":"passed","title":"all values are strings"},{"ancestorTitles":["LightColors palette"],"duration":1,"failureDetails":[],"failureMessages":[],"fullName":"LightColors palette light and dark have same set of keys","invocations":1,"location":null,"numPassingAsserts":1,"retryReasons":[],"status":"passed","title":"light and dark have same set of keys"},{"ancestorTitles":["Spacing tokens"],"duration":1,"failureDetails":[],"failureMessages":[],"fullName":"Spacing tokens xs is a number","invocations":1,"location":null,"numPassingAsserts":1,"retryReasons":[],"status":"passed","title":"xs is a number"},{"ancestorTitles":["Spacing tokens"],"duration":0,"failureDetails":[],"failureMessages":[],"fullName":"Spacing tokens sm is a number","invocations":1,"location":null,"numPassingAsserts":1,"retryReasons":[],"status":"passed","title":"sm is a number"},{"ancestorTitles":["Spacing tokens"],"duration":0,"failureDetails":[],"failureMessages":[],"fullName":"Spacing tokens md is a number","invocations":1,"location":null,"numPassingAsserts":1,"retryReasons":[],"status":"passed","title":"md is a number"},{"ancestorTitles":["Spacing tokens"],"duration":0,"failureDetails":[],"failureMessages":[],"fullName":"Spacing tokens lg is a number","invocations":1,"location":null,"numPassingAsserts":1,"retryReasons":[],"status":"passed","title":"lg is a number"},{"ancestorTitles":["Spacing tokens"],"duration":0,"failureDetails":[],"failureMessages":[],"fullName":"Spacing tokens xl is a number","invocations":1,"location":null,"numPassingAsserts":1,"retryReasons":[],"status":"passed","title":"xl is a number"},{"ancestorTitles":["Spacing tokens"],"duration":1,"failureDetails":[],"failureMessages":[],"fullName":"Spacing tokens xs < sm < md < lg < xl","invocations":1,"location":null,"numPassingAsserts":4,"retryReasons":[],"status":"passed","title":"xs < sm < md < lg < xl"},{"ancestorTitles":["Radius tokens"],"duration":0,"failureDetails":[],"failureMessages":[],"fullName":"Radius tokens sm is a number","invocations":1,"location":null,"numPassingAsserts":1,"retryReasons":[],"status":"passed","title":"sm is a number"},{"ancestorTitles":["Radius tokens"],"duration":0,"failureDetails":[],"failureMessages":[],"fullName":"Radius tokens md is a number","invocations":1,"location":null,"numPassingAsserts":1,"retryReasons":[],"status":"passed","title":"md is a number"},{"ancestorTitles":["Radius tokens"],"duration":1,"failureDetails":[],"failureMessages":[],"fullName":"Radius tokens lg is a number","invocations":1,"location":null,"numPassingAsserts":1,"retryReasons":[],"status":"passed","title":"lg is a number"},{"ancestorTitles":["Radius tokens"],"duration":0,"failureDetails":[],"failureMessages":[],"fullName":"Radius tokens xl is a number","invocations":1,"location":null,"numPassingAsserts":1,"retryReasons":[],"status":"passed","title":"xl is a number"},{"ancestorTitles":["Radius tokens"],"duration":0,"failureDetails":[],"failureMessages":[],"fullName":"Radius tokens full is 999","invocations":1,"location":null,"numPassingAsserts":1,"retryReasons":[],"status":"passed","title":"full is 999"},{"ancestorTitles":["Typography tokens"],"duration":0,"failureDetails":[],"failureMessages":[],"fullName":"Typography tokens hero has a fontSize","invocations":1,"location":null,"numPassingAsserts":1,"retryReasons":[],"status":"passed","title":"hero has a fontSize"},{"ancestorTitles":["Typography tokens"],"duration":0,"failureDetails":[],"failureMessages":[],"fullName":"Typography tokens h1 has a fontSize","invocations":1,"location":null,"numPassingAsserts":1,"retryReasons":[],"status":"passed","title":"h1 has a fontSize"},{"ancestorTitles":["Typography tokens"],"duration":0,"failureDetails":[],"failureMessages":[],"fullName":"Typography tokens h2 has a fontSize","invocations":1,"location":null,"numPassingAsserts":1,"retryReasons":[],"status":"passed","title":"h2 has a fontSize"},{"ancestorTitles":["Typography tokens"],"duration":0,"failureDetails":[],"failureMessages":[],"fullName":"Typography tokens h3 has a fontSize","invocations":1,"location":null,"numPassingAsserts":1,"retryReasons":[],"status":"passed","title":"h3 has a fontSize"},{"ancestorTitles":["Typography tokens"],"duration":0,"failureDetails":[],"failureMessages":[],"fullName":"Typography tokens body has a fontSize","invocations":1,"location":null,"numPassingAsserts":1,"retryReasons":[],"status":"passed","title":"body has a fontSize"},{"ancestorTitles":["Typography tokens"],"duration":0,"failureDetails":[],"failureMessages":[],"fullName":"Typography tokens bodyBold has a fontSize","invocations":1,"location":null,"numPassingAsserts":1,"retryReasons":[],"status":"passed","title":"bodyBold has a fontSize"},{"ancestorTitles":["Typography tokens"],"duration":0,"failureDetails":[],"failureMessages":[],"fullName":"Typography tokens small has a fontSize","invocations":1,"location":null,"numPassingAsserts":1,"retryReasons":[],"status":"passed","title":"small has a fontSize"},{"ancestorTitles":["Typography tokens"],"duration":0,"failureDetails":[],"failureMessages":[],"fullName":"Typography tokens smallBold has a fontSize","invocations":1,"location":null,"numPassingAsserts":1,"retryReasons":[],"status":"passed","title":"smallBold has a fontSize"},{"ancestorTitles":["Typography tokens"],"duration":1,"failureDetails":[],"failureMessages":[],"fullName":"Typography tokens caption has a fontSize","invocations":1,"location":null,"numPassingAsserts":1,"retryReasons":[],"status":"passed","title":"caption has a fontSize"},{"ancestorTitles":["Typography tokens"],"duration":0,"failureDetails":[],"failureMessages":[],"fullName":"Typography tokens label has a fontSize","invocations":1,"location":null,"numPassingAsserts":1,"retryReasons":[],"status":"passed","title":"label has a fontSize"}],"endTime":1780841151741,"message":"","name":"C:\\Users\\spall\\Documents\\PeggyBank\\src\\__tests__\\theme.test.ts","startTime":1780841151100,"status":"passed","summary":""},{"assertionResults":[{"ancestorTitles":["formatCurrency"],"duration":6,"failureDetails":[],"failureMessages":[],"fullName":"formatCurrency formats zero","invocations":1,"location":null,"numPassingAsserts":1,"retryReasons":[],"status":"passed","title":"formats zero"},{"ancestorTitles":["formatCurrency"],"duration":0,"failureDetails":[],"failureMessages":[],"fullName":"formatCurrency formats a whole number","invocations":1,"location":null,"numPassingAsserts":1,"retryReasons":[],"status":"passed","title":"formats a whole number"},{"ancestorTitles":["formatCurrency"],"duration":0,"failureDetails":[],"failureMessages":[],"fullName":"formatCurrency formats decimals","invocations":1,"location":null,"numPassingAsserts":1,"retryReasons":[],"status":"passed","title":"formats decimals"},{"ancestorTitles":["formatCurrency"],"duration":1,"failureDetails":[],"failureMessages":[],"fullName":"formatCurrency formats thousands with comma","invocations":1,"location":null,"numPassingAsserts":1,"retryReasons":[],"status":"passed","title":"formats thousands with comma"},{"ancestorTitles":["formatCurrency"],"duration":0,"failureDetails":[],"failureMessages":[],"fullName":"formatCurrency formats large amounts","invocations":1,"location":null,"numPassingAsserts":1,"retryReasons":[],"status":"passed","title":"formats large amounts"},{"ancestorTitles":["formatCurrency"],"duration":0,"failureDetails":[],"failureMessages":[],"fullName":"formatCurrency formats negative amounts","invocations":1,"location":null,"numPassingAsserts":1,"retryReasons":[],"status":"passed","title":"formats negative amounts"},{"ancestorTitles":["getMonthRange"],"duration":1,"failureDetails":[],"failureMessages":[],"fullName":"getMonthRange returns start and end keys","invocations":1,"location":null,"numPassingAsserts":2,"retryReasons":[],"status":"passed","title":"returns start and end keys"},{"ancestorTitles":["getMonthRange"],"duration":0,"failureDetails":[],"failureMessages":[],"fullName":"getMonthRange start is first day of current month","invocations":1,"location":null,"numPassingAsserts":1,"retryReasons":[],"status":"passed","title":"start is first day of current month"},{"ancestorTitles":["getMonthRange"],"duration":1,"failureDetails":[],"failureMessages":[],"fullName":"getMonthRange end is last day of current month","invocations":1,"location":null,"numPassingAsserts":2,"retryReasons":[],"status":"passed","title":"end is last day of current month"},{"ancestorTitles":["getMonthRange"],"duration":0,"failureDetails":[],"failureMessages":[],"fullName":"getMonthRange start and end are in the same month","invocations":1,"location":null,"numPassingAsserts":1,"retryReasons":[],"status":"passed","title":"start and end are in the same month"},{"ancestorTitles":["getDaysUntil"],"duration":0,"failureDetails":[],"failureMessages":[],"fullName":"getDaysUntil returns a non-negative number","invocations":1,"location":null,"numPassingAsserts":1,"retryReasons":[],"status":"passed","title":"returns a non-negative number"},{"ancestorTitles":["getDaysUntil"],"duration":0,"failureDetails":[],"failureMessages":[],"fullName":"getDaysUntil returns a number up to 31","invocations":1,"location":null,"numPassingAsserts":1,"retryReasons":[],"status":"passed","title":"returns a number up to 31"},{"ancestorTitles":["getDaysUntil"],"duration":1,"failureDetails":[],"failureMessages":[],"fullName":"getDaysUntil handles day 1","invocations":1,"location":null,"numPassingAsserts":1,"retryReasons":[],"status":"passed","title":"handles day 1"},{"ancestorTitles":["getDaysUntil"],"duration":0,"failureDetails":[],"failureMessages":[],"fullName":"getDaysUntil handles day 31","invocations":1,"location":null,"numPassingAsserts":1,"retryReasons":[],"status":"passed","title":"handles day 31"},{"ancestorTitles":["getDaysUntilWeekday"],"duration":0,"failureDetails":[],"failureMessages":[],"fullName":"getDaysUntilWeekday returns 1-7 for any weekday","invocations":1,"location":null,"numPassingAsserts":14,"retryReasons":[],"status":"passed","title":"returns 1-7 for any weekday"},{"ancestorTitles":["formatDate"],"duration":16,"failureDetails":[],"failureMessages":[],"fullName":"formatDate formats a known date string","invocations":1,"location":null,"numPassingAsserts":3,"retryReasons":[],"status":"passed","title":"formats a known date string"},{"ancestorTitles":["formatDate"],"duration":1,"failureDetails":[],"failureMessages":[],"fullName":"formatDate does not throw on valid date strings","invocations":1,"location":null,"numPassingAsserts":2,"retryReasons":[],"status":"passed","title":"does not throw on valid date strings"},{"ancestorTitles":["getTodayString"],"duration":0,"failureDetails":[],"failureMessages":[],"fullName":"getTodayString returns a YYYY-MM-DD string","invocations":1,"location":null,"numPassingAsserts":1,"retryReasons":[],"status":"passed","title":"returns a YYYY-MM-DD string"},{"ancestorTitles":["getTodayString"],"duration":1,"failureDetails":[],"failureMessages":[],"fullName":"getTodayString matches the current date","invocations":1,"location":null,"numPassingAsserts":1,"retryReasons":[],"status":"passed","title":"matches the current date"}],"endTime":1780841151749,"message":"","name":"C:\\Users\\spall\\Documents\\PeggyBank\\src\\__tests__\\helpers.test.ts","startTime":1780841151104,"status":"passed","summary":""},{"assertionResults":[{"ancestorTitles":["GoalProgressWidget"],"duration":169,"failureDetails":[],"failureMessages":[],"fullName":"GoalProgressWidget renders the goal name","invocations":1,"location":null,"numPassingAsserts":1,"retryReasons":[],"status":"passed","title":"renders the goal name"},{"ancestorTitles":["GoalProgressWidget"],"duration":5,"failureDetails":[],"failureMessages":[],"fullName":"GoalProgressWidget renders the correct percentage","invocations":1,"location":null,"numPassingAsserts":1,"retryReasons":[],"status":"passed","title":"renders the correct percentage"},{"ancestorTitles":["GoalProgressWidget"],"duration":7,"failureDetails":[],"failureMessages":[],"fullName":"GoalProgressWidget renders 0% for a goal with no progress","invocations":1,"location":null,"numPassingAsserts":1,"retryReasons":[],"status":"passed","title":"renders 0% for a goal with no progress"},{"ancestorTitles":["GoalProgressWidget"],"duration":4,"failureDetails":[],"failureMessages":[],"fullName":"GoalProgressWidget renders \"X to go\" for an incomplete goal","invocations":1,"location":null,"numPassingAsserts":1,"retryReasons":[],"status":"passed","title":"renders \"X to go\" for an incomplete goal"},{"ancestorTitles":["GoalProgressWidget"],"duration":3,"failureDetails":[],"failureMessages":[],"fullName":"GoalProgressWidget renders \"Goal reached!\" when complete","invocations":1,"location":null,"numPassingAsserts":1,"retryReasons":[],"status":"passed","title":"renders \"Goal reached!\" when complete"},{"ancestorTitles":["GoalProgressWidget"],"duration":4,"failureDetails":[],"failureMessages":[],"fullName":"GoalProgressWidget does not render unpin button when onUnpin is not provided","invocations":1,"location":null,"numPassingAsserts":1,"retryReasons":[],"status":"passed","title":"does not render unpin button when onUnpin is not provided"},{"ancestorTitles":["GoalProgressWidget"],"duration":5,"failureDetails":[],"failureMessages":[],"fullName":"GoalProgressWidget renders unpin button when onUnpin is provided","invocations":1,"location":null,"numPassingAsserts":1,"retryReasons":[],"status":"passed","title":"renders unpin button when onUnpin is provided"},{"ancestorTitles":["GoalProgressWidget"],"duration":6,"failureDetails":[],"failureMessages":[],"fullName":"GoalProgressWidget calls onUnpin when unpin button is pressed","invocations":1,"location":null,"numPassingAsserts":1,"retryReasons":[],"status":"passed","title":"calls onUnpin when unpin button is pressed"},{"ancestorTitles":["GoalProgressWidget"],"duration":4,"failureDetails":[],"failureMessages":[],"fullName":"GoalProgressWidget calls onPress when the widget is tapped","invocations":1,"location":null,"numPassingAsserts":1,"retryReasons":[],"status":"passed","title":"calls onPress when the widget is tapped"},{"ancestorTitles":["GoalProgressWidget"],"duration":3,"failureDetails":[],"failureMessages":[],"fullName":"GoalProgressWidget caps percentage at 100% even if current > target","invocations":1,"location":null,"numPassingAsserts":1,"retryReasons":[],"status":"passed","title":"caps percentage at 100% even if current > target"}],"endTime":1780841152209,"message":"","name":"C:\\Users\\spall\\Documents\\PeggyBank\\src\\__tests__\\GoalProgressWidget.test.tsx","startTime":1780841151101,"status":"passed","summary":""},{"assertionResults":[{"ancestorTitles":["DashboardScreen section order"],"duration":409,"failureDetails":[],"failureMessages":[],"fullName":"DashboardScreen section order renders Safe to spend text","invocations":1,"location":null,"numPassingAsserts":1,"retryReasons":[],"status":"passed","title":"renders Safe to spend text"},{"ancestorTitles":["DashboardScreen section order"],"duration":67,"failureDetails":[],"failureMessages":[],"fullName":"DashboardScreen section order renders Coming Up section","invocations":1,"location":null,"numPassingAsserts":1,"retryReasons":[],"status":"passed","title":"renders Coming Up section"},{"ancestorTitles":["DashboardScreen section order"],"duration":15,"failureDetails":[],"failureMessages":[],"fullName":"DashboardScreen section order renders Your Goals section","invocations":1,"location":null,"numPassingAsserts":1,"retryReasons":[],"status":"passed","title":"renders Your Goals section"},{"ancestorTitles":["DashboardScreen section order"],"duration":64,"failureDetails":[],"failureMessages":[],"fullName":"DashboardScreen section order renders the pinned goal widget","invocations":1,"location":null,"numPassingAsserts":1,"retryReasons":[],"status":"passed","title":"renders the pinned goal widget"},{"ancestorTitles":["DashboardScreen empty goal state"],"duration":14,"failureDetails":[],"failureMessages":[],"fullName":"DashboardScreen empty goal state shows empty state text when no pinned goals","invocations":1,"location":null,"numPassingAsserts":1,"retryReasons":[],"status":"passed","title":"shows empty state text when no pinned goals"},{"ancestorTitles":["DashboardScreen empty goal state"],"duration":15,"failureDetails":[],"failureMessages":[],"fullName":"DashboardScreen empty goal state shows \"Pin a goal\" sub-text","invocations":1,"location":null,"numPassingAsserts":1,"retryReasons":[],"status":"passed","title":"shows \"Pin a goal\" sub-text"},{"ancestorTitles":["DashboardScreen empty goal state"],"duration":15,"failureDetails":[],"failureMessages":[],"fullName":"DashboardScreen empty goal state shows Browse button","invocations":1,"location":null,"numPassingAsserts":1,"retryReasons":[],"status":"passed","title":"shows Browse button"}],"endTime":1780841152481,"message":"","name":"C:\\Users\\spall\\Documents\\PeggyBank\\src\\__tests__\\DashboardOrder.test.tsx","startTime":1780841151101,"status":"passed","summary":""}],"wasInterrupted":false}
